# JRE version: Java(TM) SE Runtime Environment (17.0.12+8) (build 17.0.12+8-LTS-286)
# Java VM: Java HotSpot(TM) 64-Bit Server VM (17.0.12+8-LTS-286, mixed mode, sharing, tiered, compressed oops, compressed class ptrs, g1 gc, windows-amd64)
GC Precious Log:
 CPUs: 8 total, 8 available
 Memory: 16057M
 Large Page Support: Disabled
 NUMA Support: Disabled
 Compressed Oops: Enabled (Zero based)
 Heap Region Size: 2M
 Heap Min Capacity: 8M
 Heap Initial Capacity: 252M
 Heap Max Capacity: 4016M
 Pre-touch: Disabled
 Parallel Workers: 8
 Concurrent Workers: 2
 Concurrent Refinement Workers: 8
 Periodic GC: Disabled
Heap:
 garbage-first heap   total 319488K, used 111642K [0x0000000705000000, 0x0000000800000000)
  region size 2048K, 28 young (57344K), 1 survivors (2048K)
 Metaspace       used 80320K, committed 80896K, reserved 1179648K
  class space    used 10916K, committed 11200K, reserved 1048576K
GC Heap History (20 events):
Event: 19.779 GC heap before
{Heap before GC invocations=32 (full 0):
 garbage-first heap   total 133120K, used 88183K [0x0000000705000000, 0x0000000800000000)
  region size 2048K, 21 young (43008K), 1 survivors (2048K)
 Metaspace       used 70053K, committed 70656K, reserved 1114112K
  class space    used 9509K, committed 9792K, reserved 1048576K
}
Event: 19.784 GC heap after
{Heap after GC invocations=33 (full 0):
 garbage-first heap   total 133120K, used 60084K [0x0000000705000000, 0x0000000800000000)
  region size 2048K, 3 young (6144K), 3 survivors (6144K)
 Metaspace       used 70053K, committed 70656K, reserved 1114112K
  class space    used 9509K, committed 9792K, reserved 1048576K
}
Event: 20.573 GC heap before
{Heap before GC invocations=33 (full 0):
 garbage-first heap   total 133120K, used 90804K [0x0000000705000000, 0x0000000800000000)
  region size 2048K, 19 young (38912K), 3 survivors (6144K)
 Metaspace       used 70065K, committed 70656K, reserved 1114112K
  class space    used 9509K, committed 9792K, reserved 1048576K
}
Event: 20.578 GC heap after
{Heap after GC invocations=34 (full 0):
 garbage-first heap   total 133120K, used 67229K [0x0000000705000000, 0x0000000800000000)
  region size 2048K, 3 young (6144K), 3 survivors (6144K)
 Metaspace       used 70065K, committed 70656K, reserved 1114112K
  class space    used 9509K, committed 9792K, reserved 1048576K
}
Event: 21.655 GC heap before
{Heap before GC invocations=34 (full 0):
 garbage-first heap   total 133120K, used 97949K [0x0000000705000000, 0x0000000800000000)
  region size 2048K, 18 young (36864K), 3 survivors (6144K)
 Metaspace       used 70114K, committed 70720K, reserved 1114112K
  class space    used 9511K, committed 9792K, reserved 1048576K
}
Event: 21.661 GC heap after
{Heap after GC invocations=35 (full 0):
 garbage-first heap   total 133120K, used 76567K [0x0000000705000000, 0x0000000800000000)
  region size 2048K, 3 young (6144K), 3 survivors (6144K)
 Metaspace       used 70114K, committed 70720K, reserved 1114112K
  class space    used 9511K, committed 9792K, reserved 1048576K
}
Event: 22.202 GC heap before
{Heap before GC invocations=36 (full 0):
 garbage-first heap   total 137216K, used 97047K [0x0000000705000000, 0x0000000800000000)
  region size 2048K, 14 young (28672K), 3 survivors (6144K)
 Metaspace       used 70114K, committed 70720K, reserved 1114112K
  class space    used 9511K, committed 9792K, reserved 1048576K
}
Event: 22.206 GC heap after
{Heap after GC invocations=37 (full 0):
 garbage-first heap   total 137216K, used 82860K [0x0000000705000000, 0x0000000800000000)
  region size 2048K, 2 young (4096K), 2 survivors (4096K)
 Metaspace       used 70114K, committed 70720K, reserved 1114112K
  class space    used 9511K, committed 9792K, reserved 1048576K
}
Event: 22.209 GC heap before
{Heap before GC invocations=37 (full 0):
 garbage-first heap   total 137216K, used 84908K [0x0000000705000000, 0x0000000800000000)
  region size 2048K, 3 young (6144K), 2 survivors (4096K)
 Metaspace       used 70114K, committed 70720K, reserved 1114112K
  class space    used 9511K, committed 9792K, reserved 1048576K
}
Event: 22.212 GC heap after
{Heap after GC invocations=38 (full 0):
 garbage-first heap   total 137216K, used 70290K [0x0000000705000000, 0x0000000800000000)
  region size 2048K, 1 young (2048K), 1 survivors (2048K)
 Metaspace       used 70114K, committed 70720K, reserved 1114112K
  class space    used 9511K, committed 9792K, reserved 1048576K
}
Event: 22.250 GC heap before
{Heap before GC invocations=38 (full 0):
 garbage-first heap   total 137216K, used 74386K [0x0000000705000000, 0x0000000800000000)
  region size 2048K, 3 young (6144K), 1 survivors (2048K)
 Metaspace       used 70114K, committed 70720K, reserved 1114112K
  class space    used 9511K, committed 9792K, reserved 1048576K
}
Event: 22.253 GC heap after
{Heap after GC invocations=39 (full 0):
 garbage-first heap   total 137216K, used 67095K [0x0000000705000000, 0x0000000800000000)
  region size 2048K, 1 young (2048K), 1 survivors (2048K)
 Metaspace       used 70114K, committed 70720K, reserved 1114112K
  class space    used 9511K, committed 9792K, reserved 1048576K
}
Event: 23.287 GC heap before
{Heap before GC invocations=39 (full 0):
 garbage-first heap   total 137216K, used 97815K [0x0000000705000000, 0x0000000800000000)
  region size 2048K, 16 young (32768K), 1 survivors (2048K)
 Metaspace       used 70564K, committed 71104K, reserved 1114112K
  class space    used 9589K, committed 9856K, reserved 1048576K
}
Event: 23.295 GC heap after
{Heap after GC invocations=40 (full 0):
 garbage-first heap   total 137216K, used 76241K [0x0000000705000000, 0x0000000800000000)
  region size 2048K, 2 young (4096K), 2 survivors (4096K)
 Metaspace       used 70564K, committed 71104K, reserved 1114112K
  class space    used 9589K, committed 9856K, reserved 1048576K
}
Event: 24.265 GC heap before
{Heap before GC invocations=41 (full 0):
 garbage-first heap   total 137216K, used 98769K [0x0000000705000000, 0x0000000800000000)
  region size 2048K, 14 young (28672K), 2 survivors (4096K)
 Metaspace       used 71718K, committed 72320K, reserved 1114112K
  class space    used 9756K, committed 10048K, reserved 1048576K
}
Event: 24.269 GC heap after
{Heap after GC invocations=42 (full 0):
 garbage-first heap   total 137216K, used 75746K [0x0000000705000000, 0x0000000800000000)
  region size 2048K, 1 young (2048K), 1 survivors (2048K)
 Metaspace       used 71718K, committed 72320K, reserved 1114112K
  class space    used 9756K, committed 10048K, reserved 1048576K
}
Event: 24.293 GC heap before
{Heap before GC invocations=42 (full 0):
 garbage-first heap   total 137216K, used 79842K [0x0000000705000000, 0x0000000800000000)
  region size 2048K, 3 young (6144K), 1 survivors (2048K)
 Metaspace       used 71719K, committed 72320K, reserved 1114112K
  class space    used 9756K, committed 10048K, reserved 1048576K
}
Event: 24.296 GC heap after
{Heap after GC invocations=43 (full 0):
 garbage-first heap   total 137216K, used 62276K [0x0000000705000000, 0x0000000800000000)
  region size 2048K, 1 young (2048K), 1 survivors (2048K)
 Metaspace       used 71719K, committed 72320K, reserved 1114112K
  class space    used 9756K, committed 10048K, reserved 1048576K
}
Event: 24.440 GC heap before
{Heap before GC invocations=43 (full 0):
 garbage-first heap   total 137216K, used 66372K [0x0000000705000000, 0x0000000800000000)
  region size 2048K, 3 young (6144K), 1 survivors (2048K)
 Metaspace       used 72377K, committed 72960K, reserved 1114112K
  class space    used 9842K, committed 10112K, reserved 1048576K
}
Event: 24.444 GC heap after
{Heap after GC invocations=44 (full 0):
 garbage-first heap   total 319488K, used 58394K [0x0000000705000000, 0x0000000800000000)
  region size 2048K, 1 young (2048K), 1 survivors (2048K)
 Metaspace       used 72377K, committed 72960K, reserved 1114112K
  class space    used 9842K, committed 10112K, reserved 1048576K
}

